<?xml version="1.0" encoding="UTF-8"?>
<testsuite xmlns:xsi="http://www.w3.org/2001/XMLSchema-instance" xsi:noNamespaceSchemaLocation="https://maven.apache.org/surefire/maven-surefire-plugin/xsd/surefire-test-report.xsd" version="3.0.2" name="com.leonidas.HelpDesk.HelpDeskApplicationTests" time="0.815" tests="1" errors="0" skipped="0" failures="0">
  <properties>
[...]
</properties>
  <testcase name="contextLoads" classname="com.leonidas.HelpDesk.HelpDeskApplicationTests" time="0.008">
    <system-out><![CDATA[2025-07-29T21:53:56.035-03:00  INFO 5672 --- [           main] t.c.s.AnnotationConfigContextLoaderUtils : Could not detect default configuration classes for test class [com.leonidas.HelpDesk.HelpDeskApplicationTests]: HelpDeskApplicationTests does not declare any static, non-private, non-final, nested classes annotated with @Configuration.
2025-07-29T21:53:56.041-03:00  INFO 5672 --- [           main] .b.t.c.SpringBootTestContextBootstrapper : Found @SpringBootConfiguration com.leonidas.HelpDesk.HelpDeskApplication for test class com.leonidas.HelpDesk.HelpDeskApplicationTests
2025-07-29T21:53:56.051-03:00  INFO 5672 --- [           main] o.s.b.d.r.RestartApplicationListener     : Restart disabled due to context in which it is running

  .   ____          _            __ _ _
 /\\ / ___'_ __ _ _(_)_ __  __ _ \ \ \ \
( ( )\___ | '_ | '_| | '_ \/ _` | \ \ \ \
 \\/  ___)| |_)| | | | | || (_| |  ) ) ) )
  '  |____| .__|_| |_|_| |_\__, | / / / /
 =========|_|==============|___/=/_/_/_/

 :: Spring Boot ::                (v3.4.1)

2025-07-29T21:53:56.112-03:00  INFO 5672 --- [           main] c.l.HelpDesk.HelpDeskApplicationTests    : Starting HelpDeskApplicationTests using Java 21.0.8 with PID 5672 (started by Leonidas in C:\git\Angular_Spring\helpdesk)
2025-07-29T21:53:56.113-03:00  INFO 5672 --- [           main] c.l.HelpDesk.HelpDeskApplicationTests    : No active profile set, falling back to 1 default profile: "default"
2025-07-29T21:53:56.350-03:00  INFO 5672 --- [           main] .s.d.r.c.RepositoryConfigurationDelegate : Bootstrapping Spring Data MongoDB repositories in DEFAULT mode.
2025-07-29T21:53:56.380-03:00  INFO 5672 --- [           main] .s.d.r.c.RepositoryConfigurationDelegate : Finished Spring Data repository scanning in 28 ms. Found 3 MongoDB repository interfaces.
2025-07-29T21:53:56.450-03:00  INFO 5672 --- [           main] org.mongodb.driver.client                : MongoClient with metadata {"driver": {"name": "mongo-java-driver|sync|spring-boot", "version": "5.2.1"}, "os": {"type": "Windows", "name": "Windows 10", "architecture": "amd64", "version": "10.0"}, "platform": "Java/Oracle Corporation/21.0.8+12-LTS-250"} created with settings MongoClientSettings{readPreference=primary, writeConcern=WriteConcern{w=null, wTimeout=null ms, journal=null}, retryWrites=true, retryReads=true, readConcern=ReadConcern{level=null}, credential=null, transportSettings=null, commandListeners=[], codecRegistry=ProvidersCodecRegistry{codecProviders=[ValueCodecProvider{}, BsonValueCodecProvider{}, DBRefCodecProvider{}, DBObjectCodecProvider{}, DocumentCodecProvider{}, CollectionCodecProvider{}, IterableCodecProvider{}, MapCodecProvider{}, GeoJsonCodecProvider{}, GridFSFileCodecProvider{}, Jsr310CodecProvider{}, JsonObjectCodecProvider{}, BsonCodecProvider{}, EnumCodecProvider{}, com.mongodb.client.model.mql.ExpressionCodecProvider@100807ca, com.mongodb.Jep395RecordCodecProvider@c67395, com.mongodb.KotlinCodecProvider@5fc7255c]}, loggerSettings=LoggerSettings{maxDocumentLength=1000}, clusterSettings={hosts=[localhost:27017], srvServiceName=mongodb, mode=SINGLE, requiredClusterType=UNKNOWN, requiredReplicaSetName='null', serverSelector='null', clusterListeners='[]', serverSelectionTimeout='30000 ms', localThreshold='15 ms'}, socketSettings=SocketSettings{connectTimeoutMS=10000, readTimeoutMS=0, receiveBufferSize=0, proxySettings=ProxySettings{host=null, port=null, username=null, password=null}}, heartbeatSocketSettings=SocketSettings{connectTimeoutMS=10000, readTimeoutMS=10000, receiveBufferSize=0, proxySettings=ProxySettings{host=null, port=null, username=null, password=null}}, connectionPoolSettings=ConnectionPoolSettings{maxSize=100, minSize=0, maxWaitTimeMS=120000, maxConnectionLifeTimeMS=0, maxConnectionIdleTimeMS=0, maintenanceInitialDelayMS=0, maintenanceFrequencyMS=60000, connectionPoolListeners=[], maxConnecting=2}, serverSettings=ServerSettings{heartbeatFrequencyMS=10000, minHeartbeatFrequencyMS=500, serverMonitoringMode=AUTO, serverListeners='[]', serverMonitorListeners='[]'}, sslSettings=SslSettings{enabled=false, invalidHostNameAllowed=false, context=null}, applicationName='null', compressorList=[], uuidRepresentation=JAVA_LEGACY, serverApi=null, autoEncryptionSettings=null, dnsClient=null, inetAddressResolver=null, contextProvider=null, timeoutMS=null}
2025-07-29T21:53:56.452-03:00  INFO 5672 --- [localhost:27017] org.mongodb.driver.cluster               : Monitor thread successfully connected to server with description ServerDescription{address=localhost:27017, type=STANDALONE, cryptd=false, state=CONNECTED, ok=true, minWireVersion=0, maxWireVersion=25, maxDocumentSize=16777216, logicalSessionTimeoutMinutes=30, roundTripTimeNanos=1663600, minRoundTripTimeNanos=0}
2025-07-29T21:53:56.532-03:00  INFO 5672 --- [           main] r$InitializeUserDetailsManagerConfigurer : Global AuthenticationManager configured with UserDetailsService bean with name jwtUserDetailServiceImpl
2025-07-29T21:53:56.747-03:00  INFO 5672 --- [           main] c.l.H.api.filter.SimpleCORSFilter        : HelpDesk-API | SimpleCORSFilter loaded
2025-07-29T21:53:56.747-03:00  INFO 5672 --- [           main] o.s.b.t.m.w.SpringBootMockServletContext : Initializing Spring TestDispatcherServlet ''
2025-07-29T21:53:56.747-03:00  INFO 5672 --- [           main] o.s.t.web.servlet.TestDispatcherServlet  : Initializing Servlet ''
2025-07-29T21:53:56.748-03:00  INFO 5672 --- [           main] o.s.t.web.servlet.TestDispatcherServlet  : Completed initialization in 1 ms
2025-07-29T21:53:56.754-03:00  INFO 5672 --- [           main] c.l.HelpDesk.HelpDeskApplicationTests    : Started HelpDeskApplicationTests in 0.703 seconds (process running for 13.555)
2025-07-29T21:53:56.829-03:00 DEBUG 5672 --- [           main] o.s.data.mongodb.core.MongoTemplate      : find using query: { "email" : "admin@helpdesk.com"} fields: Document{{}} sort: { "email" : "admin@helpdesk.com"} for class: class com.leonidas.HelpDesk.api.entity.User in collection: user
]]></system-out>
  </testcase>
</testsuite>